2020-07-29 07:56:34.586  INFO 25732 --- [restartedMain] c.o.b.BrisaEjemploApplication            : Starting BrisaEjemploApplication on DESKTOP-HDFGSDB with PID 25732 (C:\Proyectos_Atos\Proyecto_Spring\brisaEjemplo\target\classes started by a784410 in C:\Proyectos_Atos\Proyecto_Spring\brisaEjemplo)
2020-07-29 07:56:34.600  INFO 25732 --- [restartedMain] c.o.b.BrisaEjemploApplication            : No active profile set, falling back to default profiles: default
2020-07-29 07:56:34.691  INFO 25732 --- [restartedMain] .e.DevToolsPropertyDefaultsPostProcessor : Devtools property defaults active! Set 'spring.devtools.add-properties' to 'false' to disable
2020-07-29 07:56:34.691  INFO 25732 --- [restartedMain] .e.DevToolsPropertyDefaultsPostProcessor : For additional web related logging consider setting the 'logging.level.web' property to 'DEBUG'
2020-07-29 07:56:36.507  INFO 25732 --- [restartedMain] .s.d.r.c.RepositoryConfigurationDelegate : Multiple Spring Data modules found, entering strict repository configuration mode!
2020-07-29 07:56:36.508  INFO 25732 --- [restartedMain] .s.d.r.c.RepositoryConfigurationDelegate : Bootstrapping Spring Data JDBC repositories in DEFAULT mode.
2020-07-29 07:56:36.571  INFO 25732 --- [restartedMain] .RepositoryConfigurationExtensionSupport : Spring Data JDBC - Could not safely identify store assignment for repository candidate interface com.orange.brisaEjemplo.repository.ClientRepository. If you want this repository to be a JDBC repository, consider annotating your entities with one of these annotations: org.springframework.data.relational.core.mapping.Table.
2020-07-29 07:56:36.572  INFO 25732 --- [restartedMain] .s.d.r.c.RepositoryConfigurationDelegate : Finished Spring Data repository scanning in 58ms. Found 0 JDBC repository interfaces.
2020-07-29 07:56:36.590  INFO 25732 --- [restartedMain] .s.d.r.c.RepositoryConfigurationDelegate : Multiple Spring Data modules found, entering strict repository configuration mode!
2020-07-29 07:56:36.591  INFO 25732 --- [restartedMain] .s.d.r.c.RepositoryConfigurationDelegate : Bootstrapping Spring Data JPA repositories in DEFERRED mode.
2020-07-29 07:56:36.655  INFO 25732 --- [restartedMain] .s.d.r.c.RepositoryConfigurationDelegate : Finished Spring Data repository scanning in 55ms. Found 1 JPA repository interfaces.
2020-07-29 07:56:37.869  INFO 25732 --- [restartedMain] o.s.b.w.embedded.tomcat.TomcatWebServer  : Tomcat initialized with port(s): 8080 (http)
2020-07-29 07:56:37.881  INFO 25732 --- [restartedMain] o.apache.catalina.core.StandardService   : Starting service [Tomcat]
2020-07-29 07:56:37.882  INFO 25732 --- [restartedMain] org.apache.catalina.core.StandardEngine  : Starting Servlet engine: [Apache Tomcat/9.0.36]
2020-07-29 07:56:38.221  INFO 25732 --- [restartedMain] o.a.c.c.C.[Tomcat].[localhost].[/brisa]  : Initializing Spring embedded WebApplicationContext
2020-07-29 07:56:38.221  INFO 25732 --- [restartedMain] w.s.c.ServletWebServerApplicationContext : Root WebApplicationContext: initialization completed in 3529 ms
2020-07-29 07:56:38.337  WARN 25732 --- [restartedMain] JpaBaseConfiguration$JpaWebConfiguration : spring.jpa.open-in-view is enabled by default. Therefore, database queries may be performed during view rendering. Explicitly configure spring.jpa.open-in-view to disable this warning
2020-07-29 07:56:38.500  INFO 25732 --- [restartedMain] o.s.s.concurrent.ThreadPoolTaskExecutor  : Initializing ExecutorService 'applicationTaskExecutor'
2020-07-29 07:56:38.514  INFO 25732 --- [restartedMain] com.zaxxer.hikari.HikariDataSource       : HikariPool-1 - Starting...
2020-07-29 07:56:39.061  INFO 25732 --- [restartedMain] com.zaxxer.hikari.HikariDataSource       : HikariPool-1 - Start completed.
2020-07-29 07:56:39.156  INFO 25732 --- [task-1] o.hibernate.jpa.internal.util.LogHelper  : HHH000204: Processing PersistenceUnitInfo [name: default]
2020-07-29 07:56:39.266  INFO 25732 --- [restartedMain] o.s.b.a.h2.H2ConsoleAutoConfiguration    : H2 console available at '/h2-console'. Database available at 'jdbc:postgresql://localhost:5432/Brisa'
2020-07-29 07:56:39.293  INFO 25732 --- [task-1] org.hibernate.Version                    : HHH000412: Hibernate ORM core version 5.4.17.Final
2020-07-29 07:56:39.636  INFO 25732 --- [task-1] o.hibernate.annotations.common.Version   : HCANN000001: Hibernate Commons Annotations {5.1.0.Final}
2020-07-29 07:56:39.942  INFO 25732 --- [task-1] org.hibernate.dialect.Dialect            : HHH000400: Using dialect: org.hibernate.dialect.PostgreSQL95Dialect
2020-07-29 07:56:40.311  INFO 25732 --- [restartedMain] o.s.b.d.a.OptionalLiveReloadServer       : LiveReload server is running on port 35729
2020-07-29 07:56:40.815  INFO 25732 --- [restartedMain] .s.s.UserDetailsServiceAutoConfiguration : 

Using generated security password: 5fa345a1-eb7b-430b-b91e-ad810d8858b2

2020-07-29 07:56:40.986  INFO 25732 --- [restartedMain] o.s.s.web.DefaultSecurityFilterChain     : Creating filter chain: any request, [org.springframework.security.web.context.request.async.WebAsyncManagerIntegrationFilter@7e8305ba, org.springframework.security.web.context.SecurityContextPersistenceFilter@6fe75673, org.springframework.security.web.header.HeaderWriterFilter@4cfaa6d3, org.springframework.web.filter.CorsFilter@68cf6f8d, org.springframework.security.web.authentication.logout.LogoutFilter@4fcbbd6e, org.springframework.security.web.savedrequest.RequestCacheAwareFilter@7859aeee, org.springframework.security.web.servletapi.SecurityContextHolderAwareRequestFilter@7fabb03e, org.springframework.security.web.authentication.AnonymousAuthenticationFilter@75f720ad, org.springframework.security.web.session.SessionManagementFilter@4658b82d, org.springframework.security.web.access.ExceptionTranslationFilter@1d9cac2a, org.springframework.security.web.access.intercept.FilterSecurityInterceptor@3bcd86b9]
2020-07-29 07:56:41.297  INFO 25732 --- [restartedMain] o.s.b.w.embedded.tomcat.TomcatWebServer  : Tomcat started on port(s): 8080 (http) with context path '/brisa'
2020-07-29 07:56:41.695  INFO 25732 --- [task-1] o.h.e.t.j.p.i.JtaPlatformInitiator       : HHH000490: Using JtaPlatform implementation: [org.hibernate.engine.transaction.jta.platform.internal.NoJtaPlatform]
2020-07-29 07:56:41.714  INFO 25732 --- [task-1] j.LocalContainerEntityManagerFactoryBean : Initialized JPA EntityManagerFactory for persistence unit 'default'
2020-07-29 07:56:41.796  INFO 25732 --- [restartedMain] DeferredRepositoryInitializationListener : Triggering deferred initialization of Spring Data repositories…
2020-07-29 07:56:42.333  INFO 25732 --- [restartedMain] DeferredRepositoryInitializationListener : Spring Data repositories initialized!
2020-07-29 07:56:42.355  INFO 25732 --- [restartedMain] c.o.b.BrisaEjemploApplication            : Started BrisaEjemploApplication in 8.398 seconds (JVM running for 11.187)
2020-07-29 11:03:16.662  INFO 25732 --- [Thread-205] j.LocalContainerEntityManagerFactoryBean : Closing JPA EntityManagerFactory for persistence unit 'default'
2020-07-29 11:03:16.743  INFO 25732 --- [Thread-205] o.s.s.concurrent.ThreadPoolTaskExecutor  : Shutting down ExecutorService 'applicationTaskExecutor'
2020-07-29 11:03:16.807  INFO 25732 --- [Thread-205] com.zaxxer.hikari.HikariDataSource       : HikariPool-1 - Shutdown initiated...
2020-07-29 11:03:16.861  INFO 25732 --- [Thread-205] com.zaxxer.hikari.HikariDataSource       : HikariPool-1 - Shutdown completed.
2020-07-29 11:03:17.348  INFO 25732 --- [restartedMain] c.o.b.BrisaEjemploApplication            : Starting BrisaEjemploApplication on DESKTOP-HDFGSDB with PID 25732 (C:\Proyectos_Atos\Proyecto_Spring\brisaEjemplo\target\classes started by a784410 in C:\Proyectos_Atos\Proyecto_Spring\brisaEjemplo)
2020-07-29 11:03:17.350  INFO 25732 --- [restartedMain] c.o.b.BrisaEjemploApplication            : No active profile set, falling back to default profiles: default
2020-07-29 11:03:18.205  INFO 25732 --- [restartedMain] .s.d.r.c.RepositoryConfigurationDelegate : Multiple Spring Data modules found, entering strict repository configuration mode!
2020-07-29 11:03:18.205  INFO 25732 --- [restartedMain] .s.d.r.c.RepositoryConfigurationDelegate : Bootstrapping Spring Data JDBC repositories in DEFAULT mode.
2020-07-29 11:03:18.225  INFO 25732 --- [restartedMain] .RepositoryConfigurationExtensionSupport : Spring Data JDBC - Could not safely identify store assignment for repository candidate interface com.orange.brisaEjemplo.repository.ClientRepository. If you want this repository to be a JDBC repository, consider annotating your entities with one of these annotations: org.springframework.data.relational.core.mapping.Table.
2020-07-29 11:03:18.226  INFO 25732 --- [restartedMain] .s.d.r.c.RepositoryConfigurationDelegate : Finished Spring Data repository scanning in 19ms. Found 0 JDBC repository interfaces.
2020-07-29 11:03:18.231  INFO 25732 --- [restartedMain] .s.d.r.c.RepositoryConfigurationDelegate : Multiple Spring Data modules found, entering strict repository configuration mode!
2020-07-29 11:03:18.231  INFO 25732 --- [restartedMain] .s.d.r.c.RepositoryConfigurationDelegate : Bootstrapping Spring Data JPA repositories in DEFERRED mode.
2020-07-29 11:03:18.254  INFO 25732 --- [restartedMain] .s.d.r.c.RepositoryConfigurationDelegate : Finished Spring Data repository scanning in 22ms. Found 1 JPA repository interfaces.
2020-07-29 11:03:18.503  INFO 25732 --- [restartedMain] o.s.b.w.embedded.tomcat.TomcatWebServer  : Tomcat initialized with port(s): 8080 (http)
2020-07-29 11:03:18.505  INFO 25732 --- [restartedMain] o.apache.catalina.core.StandardService   : Starting service [Tomcat]
2020-07-29 11:03:18.505  INFO 25732 --- [restartedMain] org.apache.catalina.core.StandardEngine  : Starting Servlet engine: [Apache Tomcat/9.0.36]
2020-07-29 11:03:18.579  INFO 25732 --- [restartedMain] o.a.c.c.C.[Tomcat].[localhost].[/brisa]  : Initializing Spring embedded WebApplicationContext
2020-07-29 11:03:18.579  INFO 25732 --- [restartedMain] w.s.c.ServletWebServerApplicationContext : Root WebApplicationContext: initialization completed in 1223 ms
2020-07-29 11:03:18.644  WARN 25732 --- [restartedMain] JpaBaseConfiguration$JpaWebConfiguration : spring.jpa.open-in-view is enabled by default. Therefore, database queries may be performed during view rendering. Explicitly configure spring.jpa.open-in-view to disable this warning
2020-07-29 11:03:18.691  INFO 25732 --- [restartedMain] o.s.s.concurrent.ThreadPoolTaskExecutor  : Initializing ExecutorService 'applicationTaskExecutor'
2020-07-29 11:03:18.695  INFO 25732 --- [restartedMain] com.zaxxer.hikari.HikariDataSource       : HikariPool-2 - Starting...
2020-07-29 11:03:19.100  INFO 25732 --- [restartedMain] com.zaxxer.hikari.HikariDataSource       : HikariPool-2 - Start completed.
2020-07-29 11:03:19.121  INFO 25732 --- [task-1] o.hibernate.jpa.internal.util.LogHelper  : HHH000204: Processing PersistenceUnitInfo [name: default]
2020-07-29 11:03:19.146  INFO 25732 --- [task-1] org.hibernate.dialect.Dialect            : HHH000400: Using dialect: org.hibernate.dialect.PostgreSQL95Dialect
2020-07-29 11:03:19.518  INFO 25732 --- [restartedMain] o.s.b.a.h2.H2ConsoleAutoConfiguration    : H2 console available at '/h2-console'. Database available at 'jdbc:postgresql://localhost:5432/Brisa'
2020-07-29 11:03:19.659  INFO 25732 --- [task-1] o.h.e.t.j.p.i.JtaPlatformInitiator       : HHH000490: Using JtaPlatform implementation: [org.hibernate.engine.transaction.jta.platform.internal.NoJtaPlatform]
2020-07-29 11:03:19.660  INFO 25732 --- [task-1] j.LocalContainerEntityManagerFactoryBean : Initialized JPA EntityManagerFactory for persistence unit 'default'
2020-07-29 11:03:19.932  INFO 25732 --- [restartedMain] o.s.b.d.a.OptionalLiveReloadServer       : LiveReload server is running on port 35729
2020-07-29 11:03:20.091  INFO 25732 --- [restartedMain] .s.s.UserDetailsServiceAutoConfiguration : 

Using generated security password: 1a4883ce-cc61-402b-9cb6-e52f9a2d3bd3

2020-07-29 11:03:20.119  INFO 25732 --- [restartedMain] o.s.s.web.DefaultSecurityFilterChain     : Creating filter chain: any request, [org.springframework.security.web.context.request.async.WebAsyncManagerIntegrationFilter@237b09e7, org.springframework.security.web.context.SecurityContextPersistenceFilter@1995fdbc, org.springframework.security.web.header.HeaderWriterFilter@69df1428, org.springframework.web.filter.CorsFilter@3b52817a, org.springframework.security.web.authentication.logout.LogoutFilter@3629cf72, org.springframework.security.web.savedrequest.RequestCacheAwareFilter@2cd1a7df, org.springframework.security.web.servletapi.SecurityContextHolderAwareRequestFilter@3d3e8839, org.springframework.security.web.authentication.AnonymousAuthenticationFilter@640d3b6a, org.springframework.security.web.session.SessionManagementFilter@634fe88c, org.springframework.security.web.access.ExceptionTranslationFilter@276f0e9, org.springframework.security.web.access.intercept.FilterSecurityInterceptor@728a5d8d]
2020-07-29 11:03:20.204  INFO 25732 --- [restartedMain] o.s.b.w.embedded.tomcat.TomcatWebServer  : Tomcat started on port(s): 8080 (http) with context path '/brisa'
2020-07-29 11:03:20.414  INFO 25732 --- [restartedMain] DeferredRepositoryInitializationListener : Triggering deferred initialization of Spring Data repositories…
2020-07-29 11:03:20.502  INFO 25732 --- [restartedMain] DeferredRepositoryInitializationListener : Spring Data repositories initialized!
2020-07-29 11:03:20.510  INFO 25732 --- [restartedMain] c.o.b.BrisaEjemploApplication            : Started BrisaEjemploApplication in 3.261 seconds (JVM running for 11209.342)
2020-07-29 11:03:20.512  INFO 25732 --- [restartedMain] .ConditionEvaluationDeltaLoggingListener : Condition evaluation unchanged
2020-07-29 15:02:45.359  INFO 25732 --- [RMI TCP Connection(484)-127.0.0.1] inMXBeanRegistrar$SpringApplicationAdmin : Application shutdown requested.
2020-07-29 15:02:45.890  INFO 25732 --- [RMI TCP Connection(484)-127.0.0.1] j.LocalContainerEntityManagerFactoryBean : Closing JPA EntityManagerFactory for persistence unit 'default'
2020-07-29 15:02:45.927  INFO 25732 --- [RMI TCP Connection(484)-127.0.0.1] o.s.s.concurrent.ThreadPoolTaskExecutor  : Shutting down ExecutorService 'applicationTaskExecutor'
2020-07-29 15:02:45.932  INFO 25732 --- [RMI TCP Connection(484)-127.0.0.1] com.zaxxer.hikari.HikariDataSource       : HikariPool-2 - Shutdown initiated...
2020-07-29 15:02:45.949  INFO 25732 --- [RMI TCP Connection(484)-127.0.0.1] com.zaxxer.hikari.HikariDataSource       : HikariPool-2 - Shutdown completed.
